
Showing logs for build [32mcb-kubecd-environment-pr-230-19-pwdcx-1[0m stage [32mfrom-build-pack[0m and container [32mstep-credential-initializer-wfzd4[0m
{"level":"info","ts":1590288881.2878225,"logger":"fallback-logger","caller":"logging/config.go:69","msg":"Fetch GitHub commit ID from kodata failed: open /var/run/ko/refs/heads/0.8.0-ns-support: no such file or directory"}
{"level":"info","ts":1590288881.28813,"logger":"fallback-logger","caller":"creds-init/main.go:40","msg":"Credentials initialized."}

Showing logs for build [32mcb-kubecd-environment-pr-230-19-pwdcx-1[0m stage [32mfrom-build-pack[0m and container [32mstep-working-dir-initializer-vb8ft[0m
{"level":"info","ts":1590288881.6553035,"logger":"fallback-logger","caller":"logging/config.go:69","msg":"Fetch GitHub commit ID from kodata failed: open /var/run/ko/HEAD: no such file or directory"}
{"level":"info","ts":1590288881.656052,"logger":"fallback-logger","caller":"bash/main.go:64","msg":"Successfully executed command \"sh -c mkdir -p /workspace/source\"; output "}

Showing logs for build [32mcb-kubecd-environment-pr-230-19-pwdcx-1[0m stage [32mfrom-build-pack[0m and container [32mstep-place-tools[0m

Showing logs for build [32mcb-kubecd-environment-pr-230-19-pwdcx-1[0m stage [32mfrom-build-pack[0m and container [32mstep-git-source-cb-kubecd-environment-pr-230-19-pwdcx-5dml6[0m
{"level":"info","ts":1590288884.7216973,"logger":"fallback-logger","caller":"logging/config.go:69","msg":"Fetch GitHub commit ID from kodata failed: open /var/run/ko/refs/heads/0.8.0-ns-support: no such file or directory"}
{"level":"info","ts":1590288884.9363017,"logger":"fallback-logger","caller":"git/git.go:103","msg":"Successfully cloned https://github.com/cb-kubecd/environment-pr-230-19-boot-eks-staging.git @ master in path /workspace/source"}

Showing logs for build [32mcb-kubecd-environment-pr-230-19-pwdcx-1[0m stage [32mfrom-build-pack[0m and container [32mstep-git-merge[0m
Using SHAs from PULL_REFS=master:c58f00180bcfddef690968edf313724e24759fd9,1:38ffa7992d10abd576b58cab69d3fce4936f3029
DEBUG: LC_ALL=C JX_LOG_LEVEL=error git fetch origin --unshallow 38ffa7992d10abd576b58cab69d3fce4936f3029: c58f00180bcfddef690968edf313724e24759fd9:
DEBUG: ran git fetch --unshallow origin 38ffa7992d10abd576b58cab69d3fce4936f3029: c58f00180bcfddef690968edf313724e24759fd9: in 
DEBUG: LC_ALL=C JX_LOG_LEVEL=error git branch
DEBUG: LC_ALL=C JX_LOG_LEVEL=error git checkout master
DEBUG: ran git checkout master in 
DEBUG: JX_LOG_LEVEL=error LC_ALL=C git reset --hard c58f00180bcfddef690968edf313724e24759fd9
DEBUG: ran git reset --hard c58f00180bcfddef690968edf313724e24759fd9 in 
DEBUG: LC_ALL=C JX_LOG_LEVEL=error git clean -fd .
DEBUG: ran clean --force -d . in 
DEBUG: LC_ALL=C JX_LOG_LEVEL=error git merge 38ffa7992d10abd576b58cab69d3fce4936f3029
DEBUG: ran git merge 38ffa7992d10abd576b58cab69d3fce4936f3029 in 
DEBUG: LC_ALL=C JX_LOG_LEVEL=error git log --format=%H%x1f%an%x1f%ae%x1f%cn%x1f%ce%x1f%s%n%b%x1e c58f00180bcfddef690968edf313724e24759fd9..HEAD
Merged SHA 38ffa7992d10abd576b58cab69d3fce4936f3029 with commit message 'chore: Promote bdd-spring-1590288367 to version 0.0.1' into base branch master

Showing logs for build [32mcb-kubecd-environment-pr-230-19-pwdcx-1[0m stage [32mfrom-build-pack[0m and container [32mstep-build-helm-build[0m
WARNING: No $CHART_REPOSITORY defined so using the default value of: http://jenkins-x-chartmuseum:8080
Adding missing Helm repo: storage.googleapis.com https://storage.googleapis.com/chartmuseum.jenkins-x.io
WARNING: No secrets found on "helm/repos" due: reading the secret "helm/repos" from vault: no secret "helm/repos" not found in vault
Read credentials for https://storage.googleapis.com/chartmuseum.jenkins-x.io from vault helm/repos
Successfully added Helm repository storage.googleapis.com.
Adding missing Helm repo: jenkins-x-chartmuseum http://jenkins-x-chartmuseum:8080
WARNING: No secrets found on "helm/repos" due: reading the secret "helm/repos" from vault: no secret "helm/repos" not found in vault
Read credentials for http://jenkins-x-chartmuseum:8080 from vault helm/repos
Successfully added Helm repository jenkins-x-chartmuseum.
WARNING: No $CHART_REPOSITORY defined so using the default value of: http://jenkins-x-chartmuseum:8080
Adding missing Helm repo: chartmuseum.jenkins-x.io http://chartmuseum.jenkins-x.io
WARNING: No secrets found on "helm/repos" due: reading the secret "helm/repos" from vault: no secret "helm/repos" not found in vault
Read credentials for http://chartmuseum.jenkins-x.io from vault helm/repos
Successfully added Helm repository chartmuseum.jenkins-x.io.
