
Showing logs for build [32mcb-kubecd-environment-pr-230-19-rn96g-1[0m stage [32mfrom-build-pack[0m and container [32mstep-credential-initializer-nvjbn[0m
{"level":"info","ts":1590293867.071664,"logger":"fallback-logger","caller":"logging/config.go:69","msg":"Fetch GitHub commit ID from kodata failed: open /var/run/ko/refs/heads/0.8.0-ns-support: no such file or directory"}
{"level":"info","ts":1590293867.071906,"logger":"fallback-logger","caller":"creds-init/main.go:40","msg":"Credentials initialized."}

Showing logs for build [32mcb-kubecd-environment-pr-230-19-rn96g-1[0m stage [32mfrom-build-pack[0m and container [32mstep-working-dir-initializer-vj5ln[0m
{"level":"info","ts":1590293868.0353014,"logger":"fallback-logger","caller":"logging/config.go:69","msg":"Fetch GitHub commit ID from kodata failed: open /var/run/ko/HEAD: no such file or directory"}
{"level":"info","ts":1590293868.0359259,"logger":"fallback-logger","caller":"bash/main.go:64","msg":"Successfully executed command \"sh -c mkdir -p /workspace/source\"; output "}

Showing logs for build [32mcb-kubecd-environment-pr-230-19-rn96g-1[0m stage [32mfrom-build-pack[0m and container [32mstep-place-tools[0m

Showing logs for build [32mcb-kubecd-environment-pr-230-19-rn96g-1[0m stage [32mfrom-build-pack[0m and container [32mstep-git-source-cb-kubecd-environment-pr-230-19-rn96g-fxgmn[0m
{"level":"info","ts":1590293872.1032877,"logger":"fallback-logger","caller":"logging/config.go:69","msg":"Fetch GitHub commit ID from kodata failed: open /var/run/ko/refs/heads/0.8.0-ns-support: no such file or directory"}
{"level":"info","ts":1590293872.3010929,"logger":"fallback-logger","caller":"git/git.go:103","msg":"Successfully cloned https://github.com/cb-kubecd/environment-pr-230-19-boot-eks-staging.git @ master in path /workspace/source"}

Showing logs for build [32mcb-kubecd-environment-pr-230-19-rn96g-1[0m stage [32mfrom-build-pack[0m and container [32mstep-git-merge[0m
Using SHAs from PULL_REFS=master:eaee97fea036d4e4f4652052a7c13fab84c72d67,3:a723fa221f975761950d8bfd3e9a29adefb0f52f
DEBUG: LC_ALL=C JX_LOG_LEVEL=error git fetch origin --unshallow a723fa221f975761950d8bfd3e9a29adefb0f52f: eaee97fea036d4e4f4652052a7c13fab84c72d67:
DEBUG: ran git fetch --unshallow origin a723fa221f975761950d8bfd3e9a29adefb0f52f: eaee97fea036d4e4f4652052a7c13fab84c72d67: in 
DEBUG: LC_ALL=C JX_LOG_LEVEL=error git branch
DEBUG: LC_ALL=C JX_LOG_LEVEL=error git checkout master
DEBUG: ran git checkout master in 
DEBUG: LC_ALL=C JX_LOG_LEVEL=error git reset --hard eaee97fea036d4e4f4652052a7c13fab84c72d67
DEBUG: ran git reset --hard eaee97fea036d4e4f4652052a7c13fab84c72d67 in 
DEBUG: LC_ALL=C JX_LOG_LEVEL=error git clean -fd .
DEBUG: ran clean --force -d . in 
DEBUG: LC_ALL=C JX_LOG_LEVEL=error git merge a723fa221f975761950d8bfd3e9a29adefb0f52f
DEBUG: ran git merge a723fa221f975761950d8bfd3e9a29adefb0f52f in 
DEBUG: LC_ALL=C JX_LOG_LEVEL=error git log --format=%H%x1f%an%x1f%ae%x1f%cn%x1f%ce%x1f%s%n%b%x1e eaee97fea036d4e4f4652052a7c13fab84c72d67..HEAD
Merged SHA a723fa221f975761950d8bfd3e9a29adefb0f52f with commit message 'chore: Promote bdd-gh-1590290321 to version 0.0.1' into base branch master

Showing logs for build [32mcb-kubecd-environment-pr-230-19-rn96g-1[0m stage [32mfrom-build-pack[0m and container [32mstep-build-helm-build[0m
WARNING: No $CHART_REPOSITORY defined so using the default value of: http://jenkins-x-chartmuseum:8080
Adding missing Helm repo: storage.googleapis.com https://storage.googleapis.com/chartmuseum.jenkins-x.io
WARNING: No secrets found on "helm/repos" due: reading the secret "helm/repos" from vault: no secret "helm/repos" not found in vault
Read credentials for https://storage.googleapis.com/chartmuseum.jenkins-x.io from vault helm/repos
Successfully added Helm repository storage.googleapis.com.
Adding missing Helm repo: jenkins-x-chartmuseum http://jenkins-x-chartmuseum:8080
WARNING: No secrets found on "helm/repos" due: reading the secret "helm/repos" from vault: no secret "helm/repos" not found in vault
Read credentials for http://jenkins-x-chartmuseum:8080 from vault helm/repos
Successfully added Helm repository jenkins-x-chartmuseum.
WARNING: No $CHART_REPOSITORY defined so using the default value of: http://jenkins-x-chartmuseum:8080
Adding missing Helm repo: chartmuseum.jenkins-x.io http://chartmuseum.jenkins-x.io
WARNING: No secrets found on "helm/repos" due: reading the secret "helm/repos" from vault: no secret "helm/repos" not found in vault
Read credentials for http://chartmuseum.jenkins-x.io from vault helm/repos
Successfully added Helm repository chartmuseum.jenkins-x.io.
